<!DOCTYPE html>

<html>
  <head>
  <title>TestNG reports</title>

    <link type="text/css" href="testng-reports.css" rel="stylesheet" />  
    <script type="text/javascript" src="jquery-1.7.1.min.js"></script>
    <script type="text/javascript" src="testng-reports.js"></script>
    <script type="text/javascript" src="https://www.google.com/jsapi"></script>
    <script type='text/javascript'>
      google.load('visualization', '1', {packages:['table']});
      google.setOnLoadCallback(drawTable);
      var suiteTableInitFunctions = new Array();
      var suiteTableData = new Array();
    </script>
    <!--
      <script type="text/javascript" src="jquery-ui/js/jquery-ui-1.8.16.custom.min.js"></script>
     -->
  </head>

  <body>
    <div class="top-banner-root">
      <span class="top-banner-title-font">Test results</span>
      <br/>
      <span class="top-banner-font-1">1 suite, 2 failed tests</span>
    </div> <!-- top-banner-root -->
    <div class="navigator-root">
      <div class="navigator-suite-header">
        <span>All suites</span>
        <a href="#" class="collapse-all-link" title="Collapse/expand all the suites">
          <img class="collapse-all-icon" src="collapseall.gif">
          </img> <!-- collapse-all-icon -->
        </a> <!-- collapse-all-link -->
      </div> <!-- navigator-suite-header -->
      <div class="suite">
        <div class="rounded-window">
          <div class="suite-header light-rounded-window-top">
            <a href="#" class="navigator-link" panel-name="suite-N11_Test_Suite">
              <span class="suite-name border-failed">N11 Test Suite</span>
            </a> <!-- navigator-link -->
          </div> <!-- suite-header light-rounded-window-top -->
          <div class="navigator-suite-content">
            <div class="suite-section-title">
              <span>Info</span>
            </div> <!-- suite-section-title -->
            <div class="suite-section-content">
              <ul>
                <li>
                  <a href="#" class="navigator-link " panel-name="test-xml-N11_Test_Suite">
                    <span>TestNG.xml</span>
                  </a> <!-- navigator-link  -->
                </li>
                <li>
                  <a href="#" class="navigator-link " panel-name="testlist-N11_Test_Suite">
                    <span class="test-stats">1 test</span>
                  </a> <!-- navigator-link  -->
                </li>
                <li>
                  <a href="#" class="navigator-link " panel-name="group-N11_Test_Suite">
                    <span>0 groups</span>
                  </a> <!-- navigator-link  -->
                </li>
                <li>
                  <a href="#" class="navigator-link " panel-name="times-N11_Test_Suite">
                    <span>Times</span>
                  </a> <!-- navigator-link  -->
                </li>
                <li>
                  <a href="#" class="navigator-link " panel-name="reporter-N11_Test_Suite">
                    <span>Reporter output</span>
                  </a> <!-- navigator-link  -->
                </li>
                <li>
                  <a href="#" class="navigator-link " panel-name="ignored-methods-N11_Test_Suite">
                    <span>Ignored methods</span>
                  </a> <!-- navigator-link  -->
                </li>
                <li>
                  <a href="#" class="navigator-link " panel-name="chronological-N11_Test_Suite">
                    <span>Chronological view</span>
                  </a> <!-- navigator-link  -->
                </li>
              </ul>
            </div> <!-- suite-section-content -->
            <div class="result-section">
              <div class="suite-section-title">
                <span>Results</span>
              </div> <!-- suite-section-title -->
              <div class="suite-section-content">
                <ul>
                  <li>
                    <span class="method-stats">2 methods, 2 failed,   </span>
                  </li>
                  <li>
                    <span class="method-list-title failed">Failed methods</span>
                    <span class="show-or-hide-methods failed">
                      <a href="#" panel-name="suite-N11_Test_Suite" class="hide-methods failed suite-N11_Test_Suite"> (hide)</a> <!-- hide-methods failed suite-N11_Test_Suite -->
                      <a href="#" panel-name="suite-N11_Test_Suite" class="show-methods failed suite-N11_Test_Suite"> (show)</a> <!-- show-methods failed suite-N11_Test_Suite -->
                    </span>
                    <div class="method-list-content failed suite-N11_Test_Suite">
                      <span>
                        <img width="3%" src="failed.png"/>
                        <a href="#" class="method navigator-link" panel-name="suite-N11_Test_Suite" title="tests.SampleTest" hash-for-method="buyTicket_Payment_CashOnDelivery">buyTicket_Payment_CashOnDelivery</a> <!-- method navigator-link -->
                      </span>
                      <br/>
                      <span>
                        <img width="3%" src="failed.png"/>
                        <a href="#" class="method navigator-link" panel-name="suite-N11_Test_Suite" title="tests.SampleTest" hash-for-method="buyTicket_Payment_GoToOffice">buyTicket_Payment_GoToOffice</a> <!-- method navigator-link -->
                      </span>
                      <br/>
                    </div> <!-- method-list-content failed suite-N11_Test_Suite -->
                  </li>
                </ul>
              </div> <!-- suite-section-content -->
            </div> <!-- result-section -->
          </div> <!-- navigator-suite-content -->
        </div> <!-- rounded-window -->
      </div> <!-- suite -->
    </div> <!-- navigator-root -->
    <div class="wrapper">
      <div class="main-panel-root">
        <div panel-name="suite-N11_Test_Suite" class="panel N11_Test_Suite">
          <div class="suite-N11_Test_Suite-class-failed">
            <div class="main-panel-header rounded-window-top">
              <img src="failed.png"/>
              <span class="class-name">tests.SampleTest</span>
            </div> <!-- main-panel-header rounded-window-top -->
            <div class="main-panel-content rounded-window-bottom">
              <div class="method">
                <div class="method-content">
                  <a name="buyTicket_Payment_CashOnDelivery">
                  </a> <!-- buyTicket_Payment_CashOnDelivery -->
                  <span class="method-name">buyTicket_Payment_CashOnDelivery</span>
                  <div class="stack-trace"><b>"java.lang.AssertionError: null
	at tests.SampleTest.buyTicket_Payment_CashOnDelivery(SampleTest.java:132)
	at org.apache.maven.surefire.testng.TestNGExecutor.run(TestNGExecutor.java:283)
	at org.apache.maven.surefire.testng.TestNGXmlTestSuite.execute(TestNGXmlTestSuite.java:75)
	at org.apache.maven.surefire.testng.TestNGProvider.invoke(TestNGProvider.java:120)
	at org.apache.maven.surefire.booter.ForkedBooter.invokeProviderInSameClassLoader(ForkedBooter.java:379)
	at org.apache.maven.surefire.booter.ForkedBooter.runSuitesInProcess(ForkedBooter.java:340)
	at org.apache.maven.surefire.booter.ForkedBooter.execute(ForkedBooter.java:125)
	at org.apache.maven.surefire.booter.ForkedBooter.main(ForkedBooter.java:413)
... Removed 23 stack frames<br/> java.lang.AssertionError: null
	at org.testng.Assert.fail(Assert.java:94)
	at org.testng.Assert.fail(Assert.java:101)
	at tests.SampleTest.buyTicket_Payment_CashOnDelivery(SampleTest.java:132)
	at sun.reflect.NativeMethodAccessorImpl.invoke0(Native Method)
	at sun.reflect.NativeMethodAccessorImpl.invoke(NativeMethodAccessorImpl.java:62)
	at sun.reflect.DelegatingMethodAccessorImpl.invoke(DelegatingMethodAccessorImpl.java:43)
	at java.lang.reflect.Method.invoke(Method.java:498)
	at org.testng.internal.MethodInvocationHelper.invokeMethod(MethodInvocationHelper.java:80)
	at org.testng.internal.Invoker.invokeMethod(Invoker.java:714)
	at org.testng.internal.Invoker.invokeTestMethod(Invoker.java:901)
	at org.testng.internal.Invoker.invokeTestMethods(Invoker.java:1231)
	at org.testng.internal.TestMethodWorker.invokeTestMethods(TestMethodWorker.java:127)
	at org.testng.internal.TestMethodWorker.run(TestMethodWorker.java:111)
	at org.testng.TestRunner.privateRun(TestRunner.java:767)
	at org.testng.TestRunner.run(TestRunner.java:617)
	at org.testng.SuiteRunner.runTest(SuiteRunner.java:334)
	at org.testng.SuiteRunner.runSequentially(SuiteRunner.java:329)
	at org.testng.SuiteRunner.privateRun(SuiteRunner.java:291)
	at org.testng.SuiteRunner.run(SuiteRunner.java:240)
	at org.testng.SuiteRunnerWorker.runSuite(SuiteRunnerWorker.java:52)
	at org.testng.SuiteRunnerWorker.run(SuiteRunnerWorker.java:86)
	at org.testng.TestNG.runSuitesSequentially(TestNG.java:1198)
	at org.testng.TestNG.runSuitesLocally(TestNG.java:1123)
	at org.testng.TestNG.run(TestNG.java:1031)
	at org.apache.maven.surefire.testng.TestNGExecutor.run(TestNGExecutor.java:283)
	at org.apache.maven.surefire.testng.TestNGXmlTestSuite.execute(TestNGXmlTestSuite.java:75)
	at org.apache.maven.surefire.testng.TestNGProvider.invoke(TestNGProvider.java:120)
	at org.apache.maven.surefire.booter.ForkedBooter.invokeProviderInSameClassLoader(ForkedBooter.java:379)
	at org.apache.maven.surefire.booter.ForkedBooter.runSuitesInProcess(ForkedBooter.java:340)
	at org.apache.maven.surefire.booter.ForkedBooter.execute(ForkedBooter.java:125)
	at org.apache.maven.surefire.booter.ForkedBooter.main(ForkedBooter.java:413)
"</b><br>org.testng.Assert.fail(Assert.java:94)<br>org.testng.Assert.fail(Assert.java:101)<br>tests.SampleTest.buyTicket_Payment_CashOnDelivery(SampleTest.java:132)<br>sun.reflect.NativeMethodAccessorImpl.invoke0(Native Method)<br>sun.reflect.NativeMethodAccessorImpl.invoke(NativeMethodAccessorImpl.java:62)<br>sun.reflect.DelegatingMethodAccessorImpl.invoke(DelegatingMethodAccessorImpl.java:43)<br>java.lang.reflect.Method.invoke(Method.java:498)<br>org.testng.internal.MethodInvocationHelper.invokeMethod(MethodInvocationHelper.java:80)<br>org.testng.internal.Invoker.invokeMethod(Invoker.java:714)<br>org.testng.internal.Invoker.invokeTestMethod(Invoker.java:901)<br>org.testng.internal.Invoker.invokeTestMethods(Invoker.java:1231)<br>org.testng.internal.TestMethodWorker.invokeTestMethods(TestMethodWorker.java:127)<br>org.testng.internal.TestMethodWorker.run(TestMethodWorker.java:111)<br>org.testng.TestRunner.privateRun(TestRunner.java:767)<br>org.testng.TestRunner.run(TestRunner.java:617)<br>org.testng.SuiteRunner.runTest(SuiteRunner.java:334)<br>org.testng.SuiteRunner.runSequentially(SuiteRunner.java:329)<br>org.testng.SuiteRunner.privateRun(SuiteRunner.java:291)<br>org.testng.SuiteRunner.run(SuiteRunner.java:240)<br>org.testng.SuiteRunnerWorker.runSuite(SuiteRunnerWorker.java:52)<br>org.testng.SuiteRunnerWorker.run(SuiteRunnerWorker.java:86)<br>org.testng.TestNG.runSuitesSequentially(TestNG.java:1198)<br>org.testng.TestNG.runSuitesLocally(TestNG.java:1123)<br>org.testng.TestNG.run(TestNG.java:1031)<br>org.apache.maven.surefire.testng.TestNGExecutor.run(TestNGExecutor.java:283)<br>org.apache.maven.surefire.testng.TestNGXmlTestSuite.execute(TestNGXmlTestSuite.java:75)<br>org.apache.maven.surefire.testng.TestNGProvider.invoke(TestNGProvider.java:120)<br>org.apache.maven.surefire.booter.ForkedBooter.invokeProviderInSameClassLoader(ForkedBooter.java:379)<br>org.apache.maven.surefire.booter.ForkedBooter.runSuitesInProcess(ForkedBooter.java:340)<br>org.apache.maven.surefire.booter.ForkedBooter.execute(ForkedBooter.java:125)<br>org.apache.maven.surefire.booter.ForkedBooter.main(ForkedBooter.java:413)<br>
</div> <!-- stack-trace -->
                </div> <!-- method-content -->
              </div> <!-- method -->
              <div class="method">
                <div class="method-content">
                  <a name="buyTicket_Payment_GoToOffice">
                  </a> <!-- buyTicket_Payment_GoToOffice -->
                  <span class="method-name">buyTicket_Payment_GoToOffice</span>
                  <div class="stack-trace"><b>"java.lang.AssertionError: null
	at tests.SampleTest.buyTicket_Payment_GoToOffice(SampleTest.java:76)
	at org.apache.maven.surefire.testng.TestNGExecutor.run(TestNGExecutor.java:283)
	at org.apache.maven.surefire.testng.TestNGXmlTestSuite.execute(TestNGXmlTestSuite.java:75)
	at org.apache.maven.surefire.testng.TestNGProvider.invoke(TestNGProvider.java:120)
	at org.apache.maven.surefire.booter.ForkedBooter.invokeProviderInSameClassLoader(ForkedBooter.java:379)
	at org.apache.maven.surefire.booter.ForkedBooter.runSuitesInProcess(ForkedBooter.java:340)
	at org.apache.maven.surefire.booter.ForkedBooter.execute(ForkedBooter.java:125)
	at org.apache.maven.surefire.booter.ForkedBooter.main(ForkedBooter.java:413)
... Removed 23 stack frames<br/> java.lang.AssertionError: null
	at org.testng.Assert.fail(Assert.java:94)
	at org.testng.Assert.fail(Assert.java:101)
	at tests.SampleTest.buyTicket_Payment_GoToOffice(SampleTest.java:76)
	at sun.reflect.NativeMethodAccessorImpl.invoke0(Native Method)
	at sun.reflect.NativeMethodAccessorImpl.invoke(NativeMethodAccessorImpl.java:62)
	at sun.reflect.DelegatingMethodAccessorImpl.invoke(DelegatingMethodAccessorImpl.java:43)
	at java.lang.reflect.Method.invoke(Method.java:498)
	at org.testng.internal.MethodInvocationHelper.invokeMethod(MethodInvocationHelper.java:80)
	at org.testng.internal.Invoker.invokeMethod(Invoker.java:714)
	at org.testng.internal.Invoker.invokeTestMethod(Invoker.java:901)
	at org.testng.internal.Invoker.invokeTestMethods(Invoker.java:1231)
	at org.testng.internal.TestMethodWorker.invokeTestMethods(TestMethodWorker.java:127)
	at org.testng.internal.TestMethodWorker.run(TestMethodWorker.java:111)
	at org.testng.TestRunner.privateRun(TestRunner.java:767)
	at org.testng.TestRunner.run(TestRunner.java:617)
	at org.testng.SuiteRunner.runTest(SuiteRunner.java:334)
	at org.testng.SuiteRunner.runSequentially(SuiteRunner.java:329)
	at org.testng.SuiteRunner.privateRun(SuiteRunner.java:291)
	at org.testng.SuiteRunner.run(SuiteRunner.java:240)
	at org.testng.SuiteRunnerWorker.runSuite(SuiteRunnerWorker.java:52)
	at org.testng.SuiteRunnerWorker.run(SuiteRunnerWorker.java:86)
	at org.testng.TestNG.runSuitesSequentially(TestNG.java:1198)
	at org.testng.TestNG.runSuitesLocally(TestNG.java:1123)
	at org.testng.TestNG.run(TestNG.java:1031)
	at org.apache.maven.surefire.testng.TestNGExecutor.run(TestNGExecutor.java:283)
	at org.apache.maven.surefire.testng.TestNGXmlTestSuite.execute(TestNGXmlTestSuite.java:75)
	at org.apache.maven.surefire.testng.TestNGProvider.invoke(TestNGProvider.java:120)
	at org.apache.maven.surefire.booter.ForkedBooter.invokeProviderInSameClassLoader(ForkedBooter.java:379)
	at org.apache.maven.surefire.booter.ForkedBooter.runSuitesInProcess(ForkedBooter.java:340)
	at org.apache.maven.surefire.booter.ForkedBooter.execute(ForkedBooter.java:125)
	at org.apache.maven.surefire.booter.ForkedBooter.main(ForkedBooter.java:413)
"</b><br>org.testng.Assert.fail(Assert.java:94)<br>org.testng.Assert.fail(Assert.java:101)<br>tests.SampleTest.buyTicket_Payment_GoToOffice(SampleTest.java:76)<br>sun.reflect.NativeMethodAccessorImpl.invoke0(Native Method)<br>sun.reflect.NativeMethodAccessorImpl.invoke(NativeMethodAccessorImpl.java:62)<br>sun.reflect.DelegatingMethodAccessorImpl.invoke(DelegatingMethodAccessorImpl.java:43)<br>java.lang.reflect.Method.invoke(Method.java:498)<br>org.testng.internal.MethodInvocationHelper.invokeMethod(MethodInvocationHelper.java:80)<br>org.testng.internal.Invoker.invokeMethod(Invoker.java:714)<br>org.testng.internal.Invoker.invokeTestMethod(Invoker.java:901)<br>org.testng.internal.Invoker.invokeTestMethods(Invoker.java:1231)<br>org.testng.internal.TestMethodWorker.invokeTestMethods(TestMethodWorker.java:127)<br>org.testng.internal.TestMethodWorker.run(TestMethodWorker.java:111)<br>org.testng.TestRunner.privateRun(TestRunner.java:767)<br>org.testng.TestRunner.run(TestRunner.java:617)<br>org.testng.SuiteRunner.runTest(SuiteRunner.java:334)<br>org.testng.SuiteRunner.runSequentially(SuiteRunner.java:329)<br>org.testng.SuiteRunner.privateRun(SuiteRunner.java:291)<br>org.testng.SuiteRunner.run(SuiteRunner.java:240)<br>org.testng.SuiteRunnerWorker.runSuite(SuiteRunnerWorker.java:52)<br>org.testng.SuiteRunnerWorker.run(SuiteRunnerWorker.java:86)<br>org.testng.TestNG.runSuitesSequentially(TestNG.java:1198)<br>org.testng.TestNG.runSuitesLocally(TestNG.java:1123)<br>org.testng.TestNG.run(TestNG.java:1031)<br>org.apache.maven.surefire.testng.TestNGExecutor.run(TestNGExecutor.java:283)<br>org.apache.maven.surefire.testng.TestNGXmlTestSuite.execute(TestNGXmlTestSuite.java:75)<br>org.apache.maven.surefire.testng.TestNGProvider.invoke(TestNGProvider.java:120)<br>org.apache.maven.surefire.booter.ForkedBooter.invokeProviderInSameClassLoader(ForkedBooter.java:379)<br>org.apache.maven.surefire.booter.ForkedBooter.runSuitesInProcess(ForkedBooter.java:340)<br>org.apache.maven.surefire.booter.ForkedBooter.execute(ForkedBooter.java:125)<br>org.apache.maven.surefire.booter.ForkedBooter.main(ForkedBooter.java:413)<br>
</div> <!-- stack-trace -->
                </div> <!-- method-content -->
              </div> <!-- method -->
            </div> <!-- main-panel-content rounded-window-bottom -->
          </div> <!-- suite-N11_Test_Suite-class-failed -->
        </div> <!-- panel N11_Test_Suite -->
        <div panel-name="test-xml-N11_Test_Suite" class="panel">
          <div class="main-panel-header rounded-window-top">
            <span class="header-content">/Users/nhanngo/Documents/appium/apitiny/TestNG.xml</span>
          </div> <!-- main-panel-header rounded-window-top -->
          <div class="main-panel-content rounded-window-bottom">
            <pre>
&lt;?xml version=&quot;1.0&quot; encoding=&quot;UTF-8&quot;?&gt;
&lt;!DOCTYPE suite SYSTEM &quot;http://testng.org/testng-1.0.dtd&quot;&gt;
&lt;suite verbose=&quot;0&quot; name=&quot;N11 Test Suite&quot;&gt;
  &lt;listeners&gt;
    &lt;listener class-name=&quot;utils.TestListener&quot;/&gt;
  &lt;/listeners&gt;
  &lt;test name=&quot;login&quot;&gt;
    &lt;classes&gt;
      &lt;class name=&quot;tests.SampleTest&quot;/&gt;
    &lt;/classes&gt;
  &lt;/test&gt; &lt;!-- login --&gt;
&lt;/suite&gt; &lt;!-- N11 Test Suite --&gt;
            </pre>
          </div> <!-- main-panel-content rounded-window-bottom -->
        </div> <!-- panel -->
        <div panel-name="testlist-N11_Test_Suite" class="panel">
          <div class="main-panel-header rounded-window-top">
            <span class="header-content">Tests for N11 Test Suite</span>
          </div> <!-- main-panel-header rounded-window-top -->
          <div class="main-panel-content rounded-window-bottom">
            <ul>
              <li>
                <span class="test-name">login (1 class)</span>
              </li>
            </ul>
          </div> <!-- main-panel-content rounded-window-bottom -->
        </div> <!-- panel -->
        <div panel-name="group-N11_Test_Suite" class="panel">
          <div class="main-panel-header rounded-window-top">
            <span class="header-content">Groups for N11 Test Suite</span>
          </div> <!-- main-panel-header rounded-window-top -->
          <div class="main-panel-content rounded-window-bottom">
          </div> <!-- main-panel-content rounded-window-bottom -->
        </div> <!-- panel -->
        <div panel-name="times-N11_Test_Suite" class="panel">
          <div class="main-panel-header rounded-window-top">
            <span class="header-content">Times for N11 Test Suite</span>
          </div> <!-- main-panel-header rounded-window-top -->
          <div class="main-panel-content rounded-window-bottom">
            <div class="times-div">
              <script type="text/javascript">
suiteTableInitFunctions.push('tableData_N11_Test_Suite');
function tableData_N11_Test_Suite() {
var data = new google.visualization.DataTable();
data.addColumn('number', 'Number');
data.addColumn('string', 'Method');
data.addColumn('string', 'Class');
data.addColumn('number', 'Time (ms)');
data.addRows(2);
data.setCell(0, 0, 0)
data.setCell(0, 1, 'buyTicket_Payment_CashOnDelivery')
data.setCell(0, 2, 'tests.SampleTest')
data.setCell(0, 3, 13276);
data.setCell(1, 0, 1)
data.setCell(1, 1, 'buyTicket_Payment_GoToOffice')
data.setCell(1, 2, 'tests.SampleTest')
data.setCell(1, 3, 13181);
window.suiteTableData['N11_Test_Suite']= { tableData: data, tableDiv: 'times-div-N11_Test_Suite'}
return data;
}
              </script>
              <span class="suite-total-time">Total running time: 26 seconds</span>
              <div id="times-div-N11_Test_Suite">
              </div> <!-- times-div-N11_Test_Suite -->
            </div> <!-- times-div -->
          </div> <!-- main-panel-content rounded-window-bottom -->
        </div> <!-- panel -->
        <div panel-name="reporter-N11_Test_Suite" class="panel">
          <div class="main-panel-header rounded-window-top">
            <span class="header-content">Reporter output for N11 Test Suite</span>
          </div> <!-- main-panel-header rounded-window-top -->
          <div class="main-panel-content rounded-window-bottom">
          </div> <!-- main-panel-content rounded-window-bottom -->
        </div> <!-- panel -->
        <div panel-name="ignored-methods-N11_Test_Suite" class="panel">
          <div class="main-panel-header rounded-window-top">
            <span class="header-content">0 ignored methods</span>
          </div> <!-- main-panel-header rounded-window-top -->
          <div class="main-panel-content rounded-window-bottom">
          </div> <!-- main-panel-content rounded-window-bottom -->
        </div> <!-- panel -->
        <div panel-name="chronological-N11_Test_Suite" class="panel">
          <div class="main-panel-header rounded-window-top">
            <span class="header-content">Methods in chronological order</span>
          </div> <!-- main-panel-header rounded-window-top -->
          <div class="main-panel-content rounded-window-bottom">
            <div class="chronological-class">
              <div class="chronological-class-name">tests.SampleTest</div> <!-- chronological-class-name -->
              <div class="configuration-method before">
                <span class="method-name">setUp</span>
                <span class="method-start">0 ms</span>
              </div> <!-- configuration-method before -->
              <div class="test-method">
                <img src="failed.png">
                </img>
                <span class="method-name">buyTicket_Payment_CashOnDelivery</span>
                <span class="method-start">36755 ms</span>
              </div> <!-- test-method -->
              <div class="configuration-method after">
                <span class="method-name">tearDown</span>
                <span class="method-start">50035 ms</span>
              </div> <!-- configuration-method after -->
              <div class="configuration-method before">
                <span class="method-name">setUp</span>
                <span class="method-start">51191 ms</span>
              </div> <!-- configuration-method before -->
              <div class="test-method">
                <img src="failed.png">
                </img>
                <span class="method-name">buyTicket_Payment_GoToOffice</span>
                <span class="method-start">82947 ms</span>
              </div> <!-- test-method -->
              <div class="configuration-method after">
                <span class="method-name">tearDown</span>
                <span class="method-start">96128 ms</span>
              </div> <!-- configuration-method after -->
          </div> <!-- main-panel-content rounded-window-bottom -->
        </div> <!-- panel -->
      </div> <!-- main-panel-root -->
    </div> <!-- wrapper -->
  </body>
</html>
